Flow report for CPU32
Wed Dec 14 08:24:06 2016
Quartus II Version 10.0 Build 218 06/27/2010 SJ Web Edition


---------------------
; Table of Contents ;
---------------------
  1. Legal Notice
  2. Flow Summary
  3. Flow Settings
  4. Flow Non-Default Global Settings
  5. Flow Elapsed Time
  6. Flow OS Summary
  7. Flow Log



----------------
; Legal Notice ;
----------------
Copyright (C) 1991-2010 Altera Corporation
Your use of Altera Corporation's design tools, logic functions 
and other software and tools, and its AMPP partner logic 
functions, and any output files from any of the foregoing 
(including device programming or simulation files), and any 
associated documentation or information are expressly subject 
to the terms and conditions of the Altera Program License 
Subscription Agreement, Altera MegaCore Function License 
Agreement, or other applicable license agreement, including, 
without limitation, that your use is for the sole purpose of 
programming logic devices manufactured by Altera and sold by 
Altera or its authorized distributors.  Please refer to the 
applicable agreement for further details.



+-------------------------------------------------------------------------------+
; Flow Summary                                                                  ;
+------------------------------------+------------------------------------------+
; Flow Status                        ; Successful - Wed Dec 14 08:20:18 2016    ;
; Quartus II Version                 ; 10.0 Build 218 06/27/2010 SJ Web Edition ;
; Revision Name                      ; CPU32                                    ;
; Top-level Entity Name              ; CPU32                                    ;
; Family                             ; Cyclone IV E                             ;
; Device                             ; EP4CE115F29C7                            ;
; Timing Models                      ; Final                                    ;
; Met timing requirements            ; N/A                                      ;
; Total logic elements               ; 12,345 / 114,480 ( 11 % )                ;
;     Total combinational functions  ; 12,312 / 114,480 ( 11 % )                ;
;     Dedicated logic registers      ; 1,170 / 114,480 ( 1 % )                  ;
; Total registers                    ; 1170                                     ;
; Total pins                         ; 44 / 529 ( 8 % )                         ;
; Total virtual pins                 ; 0                                        ;
; Total memory bits                  ; 262,144 / 3,981,312 ( 7 % )              ;
; Embedded Multiplier 9-bit elements ; 16 / 532 ( 3 % )                         ;
; Total PLLs                         ; 0 / 4 ( 0 % )                            ;
+------------------------------------+------------------------------------------+


+-----------------------------------------+
; Flow Settings                           ;
+-------------------+---------------------+
; Option            ; Setting             ;
+-------------------+---------------------+
; Start date & time ; 12/14/2016 07:55:08 ;
; Main task         ; Compilation         ;
; Revision Name     ; CPU32               ;
+-------------------+---------------------+


+-----------------------------------------------------------------------------------------------------------------------------------------------+
; Flow Non-Default Global Settings                                                                                                              ;
+--------------------------------------------+-------------------------------------------------------+---------------+-------------+------------+
; Assignment Name                            ; Value                                                 ; Default Value ; Entity Name ; Section Id ;
+--------------------------------------------+-------------------------------------------------------+---------------+-------------+------------+
; COMPILER_SIGNATURE_ID                      ; 189262214786712.148168230702792                       ; --            ; --          ; --         ;
; FITTER_AGGRESSIVE_ROUTABILITY_OPTIMIZATION ; Always                                                ; Automatically ; --          ; --         ;
; FITTER_EFFORT                              ; Standard Fit                                          ; Auto Fit      ; --          ; --         ;
; MAX_CORE_JUNCTION_TEMP                     ; 85                                                    ; --            ; --          ; --         ;
; MIN_CORE_JUNCTION_TEMP                     ; 0                                                     ; --            ; --          ; --         ;
; MISC_FILE                                  ; G:/Academic/Short Semester/CO227/FPGA/CPU32/CPU32.dpf ; --            ; --          ; --         ;
; MISC_FILE                                  ; G:/Academic/ShortSemester/CO227/FPGA/CPU32/CPU32.dpf  ; --            ; --          ; --         ;
; NOMINAL_CORE_SUPPLY_VOLTAGE                ; 1.2V                                                  ; --            ; --          ; --         ;
; PARTITION_COLOR                            ; 16764057                                              ; --            ; --          ; Top        ;
; PARTITION_FITTER_PRESERVATION_LEVEL        ; PLACEMENT_AND_ROUTING                                 ; --            ; --          ; Top        ;
; PARTITION_NETLIST_TYPE                     ; SOURCE                                                ; --            ; --          ; Top        ;
; PHYSICAL_SYNTHESIS_EFFORT                  ; Fast                                                  ; Normal        ; --          ; --         ;
; POWER_BOARD_THERMAL_MODEL                  ; None (CONSERVATIVE)                                   ; --            ; --          ; --         ;
; POWER_PRESET_COOLING_SOLUTION              ; 23 MM HEAT SINK WITH 200 LFPM AIRFLOW                 ; --            ; --          ; --         ;
; VERILOG_INPUT_VERSION                      ; SystemVerilog_2005                                    ; Verilog_2001  ; --          ; --         ;
; VERILOG_SHOW_LMF_MAPPING_MESSAGES          ; Off                                                   ; --            ; --          ; --         ;
+--------------------------------------------+-------------------------------------------------------+---------------+-------------+------------+


+-------------------------------------------------------------------------------------------------------------------------------+
; Flow Elapsed Time                                                                                                             ;
+---------------------------+--------------+-------------------------+---------------------+------------------------------------+
; Module Name               ; Elapsed Time ; Average Processors Used ; Peak Virtual Memory ; Total CPU Time (on all processors) ;
+---------------------------+--------------+-------------------------+---------------------+------------------------------------+
; Analysis & Synthesis      ; 00:01:08     ; 1.0                     ; 335 MB              ; 00:01:07                           ;
; Fitter                    ; 00:23:44     ; 1.0                     ; 607 MB              ; 00:23:43                           ;
; Assembler                 ; 00:00:09     ; 1.0                     ; 509 MB              ; 00:00:08                           ;
; TimeQuest Timing Analyzer ; 00:03:56     ; 1.0                     ; 796 MB              ; 00:03:55                           ;
; Total                     ; 00:28:57     ; --                      ; --                  ; 00:28:53                           ;
+---------------------------+--------------+-------------------------+---------------------+------------------------------------+


+--------------------------------------------------------------------------------------------+
; Flow OS Summary                                                                            ;
+---------------------------+------------------+---------------+------------+----------------+
; Module Name               ; Machine Hostname ; OS Name       ; OS Version ; Processor type ;
+---------------------------+------------------+---------------+------------+----------------+
; Analysis & Synthesis      ; WAGEESHA-PC      ; Windows Vista ; 6.2        ; x86_64         ;
; Fitter                    ; WAGEESHA-PC      ; Windows Vista ; 6.2        ; x86_64         ;
; Assembler                 ; WAGEESHA-PC      ; Windows Vista ; 6.2        ; x86_64         ;
; TimeQuest Timing Analyzer ; WAGEESHA-PC      ; Windows Vista ; 6.2        ; x86_64         ;
+---------------------------+------------------+---------------+------------+----------------+


------------
; Flow Log ;
------------
quartus_map --read_settings_files=on --write_settings_files=off CPU32 -c CPU32
quartus_fit --read_settings_files=off --write_settings_files=off CPU32 -c CPU32
quartus_asm --read_settings_files=off --write_settings_files=off CPU32 -c CPU32
quartus_sta CPU32 -c CPU32



